<?xml version="1.0" encoding="UTF-8"?>
<testsuite name="challenge.SubmitTest" tests="6" skipped="0" failures="0" errors="0" timestamp="2018-10-07T07:18:35" hostname="vanribeiro" time="5.419">
  <properties/>
  <testcase name="q1" classname="challenge.SubmitTest" time="1.429"/>
  <testcase name="q2" classname="challenge.SubmitTest" time="1.029"/>
  <testcase name="q3" classname="challenge.SubmitTest" time="0.724"/>
  <testcase name="q4" classname="challenge.SubmitTest" time="0.741"/>
  <testcase name="q5" classname="challenge.SubmitTest" time="0.721"/>
  <testcase name="q6" classname="challenge.SubmitTest" time="0.772"/>
  <system-out><![CDATA[647
]]></system-out>
  <system-err><![CDATA[]]></system-err>
</testsuite>
